<?xml version="1.0" encoding="UTF-8"?>
<testsuite name="com.pixelo.health.wellplate.ModularityTests" tests="2" skipped="0" failures="0" errors="0" timestamp="2024-09-08T06:46:06" hostname="hyun" time="0.097">
  <properties/>
  <testcase name="verifyModularity()" classname="com.pixelo.health.wellplate.ModularityTests" time="0.028"/>
  <testcase name="renderDocumentation()" classname="com.pixelo.health.wellplate.ModularityTests" time="0.068"/>
  <system-out><![CDATA[# Fittract
> Logical name: fittract
> Base package: com.pixelo.health.wellplate.fittract
> Spring beans: none

# Member
> Logical name: member
> Base package: com.pixelo.health.wellplate.member
> Spring beans: none

]]></system-out>
  <system-err><![CDATA[]]></system-err>
</testsuite>
