<?xml version="1.0" encoding="UTF-8"?>
<testsuite name="com.pixelo.health.wellplate.WellPlateApplicationTests" tests="1" skipped="0" failures="0" errors="0" timestamp="2024-09-08T06:46:08" hostname="hyun" time="0.308">
  <properties/>
  <testcase name="contextLoads()" classname="com.pixelo.health.wellplate.WellPlateApplicationTests" time="0.308"/>
  <system-out><![CDATA[15:46:06.301 [Test worker] INFO org.springframework.test.context.support.AnnotationConfigContextLoaderUtils -- Could not detect default configuration classes for test class [com.pixelo.health.wellplate.WellPlateApplicationTests]: WellPlateApplicationTests does not declare any static, non-private, non-final, nested classes annotated with @Configuration.
15:46:06.330 [Test worker] INFO org.springframework.boot.test.context.SpringBootTestContextBootstrapper -- Found @SpringBootConfiguration com.pixelo.health.wellplate.WellPlateApplication for test class com.pixelo.health.wellplate.WellPlateApplicationTests

  .   ____          _            __ _ _
 /\\ / ___'_ __ _ _(_)_ __  __ _ \ \ \ \
( ( )\___ | '_ | '_| | '_ \/ _` | \ \ \ \
 \\/  ___)| |_)| | | | | || (_| |  ) ) ) )
  '  |____| .__|_| |_|_| |_\__, | / / / /
 =========|_|==============|___/=/_/_/_/

 :: Spring Boot ::                (v3.3.3)

2024-09-08T15:46:06.450+09:00  INFO 84061 --- [well-plate] [    Test worker] [ ] c.p.h.w.WellPlateApplicationTests        : Starting WellPlateApplicationTests using Java 21.0.1 with PID 84061 (started by hyunseunghwan in /Users/hyunseunghwan/Desktop/study/inflearn/toy/toy-after-2024/health/well-plate-backend/well-plate)
2024-09-08T15:46:06.451+09:00 DEBUG 84061 --- [well-plate] [    Test worker] [ ] c.p.h.w.WellPlateApplicationTests        : Running with Spring Boot v3.3.3, Spring v6.1.12
2024-09-08T15:46:06.451+09:00  INFO 84061 --- [well-plate] [    Test worker] [ ] c.p.h.w.WellPlateApplicationTests        : The following 1 profile is active: "default"
2024-09-08T15:46:06.806+09:00  INFO 84061 --- [well-plate] [    Test worker] [ ] .s.d.r.c.RepositoryConfigurationDelegate : Bootstrapping Spring Data JPA repositories in DEFAULT mode.
2024-09-08T15:46:06.821+09:00  INFO 84061 --- [well-plate] [    Test worker] [ ] .s.d.r.c.RepositoryConfigurationDelegate : Finished Spring Data repository scanning in 9 ms. Found 0 JPA repository interfaces.
2024-09-08T15:46:07.107+09:00  INFO 84061 --- [well-plate] [    Test worker] [ ] com.zaxxer.hikari.HikariDataSource       : HikariPool-1 - Starting...
2024-09-08T15:46:07.269+09:00  INFO 84061 --- [well-plate] [    Test worker] [ ] com.zaxxer.hikari.pool.HikariPool        : HikariPool-1 - Added connection org.postgresql.jdbc.PgConnection@5fab1ec6
2024-09-08T15:46:07.270+09:00  INFO 84061 --- [well-plate] [    Test worker] [ ] com.zaxxer.hikari.HikariDataSource       : HikariPool-1 - Start completed.
2024-09-08T15:46:07.298+09:00  INFO 84061 --- [well-plate] [    Test worker] [ ] org.flywaydb.core.FlywayExecutor         : Database: jdbc:postgresql://localhost:5432,localhost:5432/wellplate (PostgreSQL 16.4)
2024-09-08T15:46:07.351+09:00  INFO 84061 --- [well-plate] [    Test worker] [ ] o.f.core.internal.command.DbValidate     : Successfully validated 0 migrations (execution time 00:00.024s)
2024-09-08T15:46:07.352+09:00  WARN 84061 --- [well-plate] [    Test worker] [ ] o.f.core.internal.command.DbValidate     : No migrations found. Are your locations set up correctly?
2024-09-08T15:46:07.411+09:00  INFO 84061 --- [well-plate] [    Test worker] [ ] o.f.core.internal.command.DbMigrate      : Current version of schema "public": << Empty Schema >>
2024-09-08T15:46:07.413+09:00  INFO 84061 --- [well-plate] [    Test worker] [ ] o.f.core.internal.command.DbMigrate      : Schema "public" is up to date. No migration necessary.
2024-09-08T15:46:07.466+09:00  INFO 84061 --- [well-plate] [    Test worker] [ ] o.hibernate.jpa.internal.util.LogHelper  : HHH000204: Processing PersistenceUnitInfo [name: default]
2024-09-08T15:46:07.504+09:00  INFO 84061 --- [well-plate] [    Test worker] [ ] org.hibernate.Version                    : HHH000412: Hibernate ORM core version 6.5.2.Final
2024-09-08T15:46:07.537+09:00  INFO 84061 --- [well-plate] [    Test worker] [ ] o.h.c.internal.RegionFactoryInitiator    : HHH000026: Second-level cache disabled
2024-09-08T15:46:07.878+09:00  INFO 84061 --- [well-plate] [    Test worker] [ ] o.s.o.j.p.SpringPersistenceUnitInfo      : No LoadTimeWeaver setup: ignoring JPA class transformer
2024-09-08T15:46:07.920+09:00  WARN 84061 --- [well-plate] [    Test worker] [ ] org.hibernate.orm.deprecation            : HHH90000025: PostgreSQLDialect does not need to be specified explicitly using 'hibernate.dialect' (remove the property setting and it will be selected by default)
2024-09-08T15:46:08.349+09:00  INFO 84061 --- [well-plate] [    Test worker] [ ] o.h.e.t.j.p.i.JtaPlatformInitiator       : HHH000489: No JTA platform available (set 'hibernate.transaction.jta.platform' to enable JTA platform integration)
2024-09-08T15:46:08.357+09:00 DEBUG 84061 --- [well-plate] [    Test worker] [ ] org.hibernate.SQL                        : 
    drop table if exists event_publication cascade
Hibernate: 
    drop table if exists event_publication cascade
2024-09-08T15:46:08.374+09:00 DEBUG 84061 --- [well-plate] [    Test worker] [ ] org.hibernate.SQL                        : 
    create table event_publication (
        completion_date timestamp(6) with time zone,
        publication_date timestamp(6) with time zone,
        id uuid not null,
        event_type varchar(255),
        listener_id varchar(255),
        serialized_event varchar(255),
        primary key (id)
    )
Hibernate: 
    create table event_publication (
        completion_date timestamp(6) with time zone,
        publication_date timestamp(6) with time zone,
        id uuid not null,
        event_type varchar(255),
        listener_id varchar(255),
        serialized_event varchar(255),
        primary key (id)
    )
2024-09-08T15:46:08.395+09:00  INFO 84061 --- [well-plate] [    Test worker] [ ] j.LocalContainerEntityManagerFactoryBean : Initialized JPA EntityManagerFactory for persistence unit 'default'
2024-09-08T15:46:08.528+09:00  WARN 84061 --- [well-plate] [    Test worker] [ ] JpaBaseConfiguration$JpaWebConfiguration : spring.jpa.open-in-view is enabled by default. Therefore, database queries may be performed during view rendering. Explicitly configure spring.jpa.open-in-view to disable this warning
2024-09-08T15:46:08.845+09:00  WARN 84061 --- [well-plate] [    Test worker] [ ] .s.s.UserDetailsServiceAutoConfiguration : 

Using generated security password: f4d7675d-99d3-468e-8d42-7a179772e400

This generated password is for development use only. Your security configuration must be updated before running your application in production.

2024-09-08T15:46:08.852+09:00  INFO 84061 --- [well-plate] [    Test worker] [ ] r$InitializeUserDetailsManagerConfigurer : Global AuthenticationManager configured with UserDetailsService bean with name inMemoryUserDetailsManager
2024-09-08T15:46:08.952+09:00  INFO 84061 --- [well-plate] [    Test worker] [ ] o.s.s.config.TaskSchedulerRouter         : No TaskScheduler/ScheduledExecutorService bean found for scheduled processing
2024-09-08T15:46:08.956+09:00  INFO 84061 --- [well-plate] [    Test worker] [ ] c.p.h.w.WellPlateApplicationTests        : Started WellPlateApplicationTests in 2.592 seconds (process running for 4.171)
]]></system-out>
  <system-err><![CDATA[WARNING: A Java agent has been loaded dynamically (/Users/hyunseunghwan/.gradle/caches/modules-2/files-2.1/net.bytebuddy/byte-buddy-agent/1.14.19/154da3a65b4f4a909d3e5bdec55d1b2b4cbb6ce1/byte-buddy-agent-1.14.19.jar)
WARNING: If a serviceability tool is in use, please run with -XX:+EnableDynamicAgentLoading to hide this warning
WARNING: If a serviceability tool is not in use, please run with -Djdk.instrument.traceUsage for more information
WARNING: Dynamic loading of agents will be disallowed by default in a future release
]]></system-err>
</testsuite>
